<?xml version="1.0" encoding="UTF-8"?>
<testsuite xmlns:xsi="http://www.w3.org/2001/XMLSchema-instance" xsi:noNamespaceSchemaLocation="https://maven.apache.org/surefire/maven-surefire-plugin/xsd/surefire-test-report-3.0.xsd" version="3.0" name="com.example.sast.demo.DemoApplicationTests" time="2.408" tests="1" errors="0" skipped="0" failures="0">
  <properties>
[...]
</properties>
  <testcase name="contextLoads" classname="com.example.sast.demo.DemoApplicationTests" time="1.002">
    <system-out><![CDATA[22:38:43.012 [main] INFO org.springframework.test.context.support.AnnotationConfigContextLoaderUtils -- Could not detect default configuration classes for test class [com.example.sast.demo.DemoApplicationTests]: DemoApplicationTests does not declare any static, non-private, non-final, nested classes annotated with @Configuration.
22:38:43.138 [main] INFO org.springframework.boot.test.context.SpringBootTestContextBootstrapper -- Found @SpringBootConfiguration com.example.sast.demo.DemoApplication for test class com.example.sast.demo.DemoApplicationTests

  .   ____          _            __ _ _
 /\\ / ___'_ __ _ _(_)_ __  __ _ \ \ \ \
( ( )\___ | '_ | '_| | '_ \/ _` | \ \ \ \
 \\/  ___)| |_)| | | | | || (_| |  ) ) ) )
  '  |____| .__|_| |_|_| |_\__, | / / / /
 =========|_|==============|___/=/_/_/_/
 :: Spring Boot ::                (v3.1.3)

2023-09-14T22:38:43.554-03:00  INFO 742 --- [           main] c.e.sast.demo.DemoApplicationTests       : Starting DemoApplicationTests using Java 17.0.6 with PID 742 (started by lucianosilva in /Users/lucianosilva/work-global/work-migration/sast-test)
2023-09-14T22:38:43.555-03:00  INFO 742 --- [           main] c.e.sast.demo.DemoApplicationTests       : No active profile set, falling back to 1 default profile: "default"
2023-09-14T22:38:44.176-03:00  INFO 742 --- [           main] c.e.sast.demo.DemoApplicationTests       : Started DemoApplicationTests in 0.921 seconds (process running for 2.136)
]]></system-out>
  </testcase>
</testsuite>